<?xml version="1.0" encoding="UTF-8"?>
<!-- Generated by org.testng.reporters.JUnitXMLReporter -->
<testsuite ignored="0" hostname="LAPTOP-LUDBQB77" failures="1" tests="1" name="Test" time="32.66" errors="0" timestamp="2025-05-04T03:07:07 IST">
  <testcase classname="Stepdefinions.Stepdefinitions" name="user_on_the_casio_india_homepage" time="31.918">
    <failure type="java.lang.NullPointerException" message="Cannot invoke &amp;quot;org.openqa.selenium.WebDriver.switchTo()&amp;quot; because &amp;quot;this.driver&amp;quot; is null">
      <![CDATA[java.lang.NullPointerException: Cannot invoke "org.openqa.selenium.WebDriver.switchTo()" because "this.driver" is null
at Pages.Register.<init>(Register.java:39)
at Stepdefinions.Stepdefinitions.user_on_the_casio_india_homepage(Stepdefinitions.java:30)
at java.base/java.util.ArrayList.forEach(ArrayList.java:1604)
... Removed 25 stack frames]]>
    </failure>
  </testcase> <!-- user_on_the_casio_india_homepage -->
</testsuite> <!-- Test -->
